Using pre-set license
Built from '2022.1/staging' branch; Version is '2022.1.23f1 (9636b062134a) revision 9844400'; Using compiler version '192829333'; Build Type 'Release'
OS: 'Windows 10  (10.0.19044) 64bit CoreSingleLanguage' Language: 'ru' Physical Memory: 15320 MB
BatchMode: 1, IsHumanControllingUs: 0, StartBugReporterOnCrash: 0, Is64bit: 1, IsPro: 1

COMMAND LINE ARGUMENTS:
C:\Program Files\Unity\Hub\Editor\2022.1.23f1\Editor\Unity.exe
-adb2
-batchMode
-noUpm
-name
AssetImportWorker0
-projectPath
C:/GD/GitRepos/Life-control/Life control
-logFile
Logs/AssetImportWorker0.log
-srvPort
58474
Successfully changed project path to: C:/GD/GitRepos/Life-control/Life control
C:/GD/GitRepos/Life-control/Life control
[UnityMemory] Configuration Parameters - Can be set up in boot.config
    "memorysetup-bucket-allocator-granularity=16"
    "memorysetup-bucket-allocator-bucket-count=8"
    "memorysetup-bucket-allocator-block-size=33554432"
    "memorysetup-bucket-allocator-block-count=8"
    "memorysetup-main-allocator-block-size=16777216"
    "memorysetup-thread-allocator-block-size=16777216"
    "memorysetup-gfx-main-allocator-block-size=16777216"
    "memorysetup-gfx-thread-allocator-block-size=16777216"
    "memorysetup-cache-allocator-block-size=4194304"
    "memorysetup-typetree-allocator-block-size=2097152"
    "memorysetup-profiler-bucket-allocator-granularity=16"
    "memorysetup-profiler-bucket-allocator-bucket-count=8"
    "memorysetup-profiler-bucket-allocator-block-size=33554432"
    "memorysetup-profiler-bucket-allocator-block-count=8"
    "memorysetup-profiler-allocator-block-size=16777216"
    "memorysetup-profiler-editor-allocator-block-size=1048576"
    "memorysetup-temp-allocator-size-main=16777216"
    "memorysetup-job-temp-allocator-block-size=2097152"
    "memorysetup-job-temp-allocator-block-size-background=1048576"
    "memorysetup-job-temp-allocator-reduction-small-platforms=262144"
    "memorysetup-temp-allocator-size-background-worker=32768"
    "memorysetup-temp-allocator-size-job-worker=262144"
    "memorysetup-temp-allocator-size-preload-manager=33554432"
    "memorysetup-temp-allocator-size-nav-mesh-worker=65536"
    "memorysetup-temp-allocator-size-audio-worker=65536"
    "memorysetup-temp-allocator-size-cloud-worker=32768"
    "memorysetup-temp-allocator-size-gi-baking-worker=262144"
    "memorysetup-temp-allocator-size-gfx=262144"
Refreshing native plugins compatible for Editor in 289.86 ms, found 3 plugins.
Preloading 0 native plugins for Editor in 0.00 ms.
Initialize engine version: 2022.1.23f1 (9636b062134a)
[Subsystems] Discovering subsystems at path C:/Program Files/Unity/Hub/Editor/2022.1.23f1/Editor/Data/Resources/UnitySubsystems
[Subsystems] Discovering subsystems at path C:/GD/GitRepos/Life-control/Life control/Assets
GfxDevice: creating device client; threaded=0; jobified=0
Direct3D:
    Version:  Direct3D 11.0 [level 11.1]
    Renderer: AMD Radeon(TM) R4 Graphics (ID=0x9851)
    Vendor:   ATI
    VRAM:     1007 MB
    Driver:   16.300.2201.0
Initialize mono
Mono path[0] = 'C:/Program Files/Unity/Hub/Editor/2022.1.23f1/Editor/Data/Managed'
Mono path[1] = 'C:/Program Files/Unity/Hub/Editor/2022.1.23f1/Editor/Data/MonoBleedingEdge/lib/mono/unityjit-win32'
Mono config path = 'C:/Program Files/Unity/Hub/Editor/2022.1.23f1/Editor/Data/MonoBleedingEdge/etc'
Using monoOptions --debugger-agent=transport=dt_socket,embedding=1,server=y,suspend=n,address=127.0.0.1:56980
Begin MonoManager ReloadAssembly
Registering precompiled unity dll's ...
Register platform support module: C:/Program Files/Unity/Hub/Editor/2022.1.23f1/Editor/Data/PlaybackEngines/AndroidPlayer/UnityEditor.Android.Extensions.dll
Register platform support module: C:/Program Files/Unity/Hub/Editor/2022.1.23f1/Editor/Data/PlaybackEngines/iOSSupport/UnityEditor.iOS.Extensions.dll
Register platform support module: C:/Program Files/Unity/Hub/Editor/2022.1.23f1/Editor/Data/PlaybackEngines/WindowsStandaloneSupport/UnityEditor.WindowsStandalone.Extensions.dll
Registered in 0.044950 seconds.
Native extension for WindowsStandalone target not found
[usbmuxd] Start listen thread
[usbmuxd] Listen thread started
Native extension for iOS target not found
Native extension for Android target not found
Refreshing native plugins compatible for Editor in 329.27 ms, found 3 plugins.
Preloading 0 native plugins for Editor in 0.00 ms.
Mono: successfully reloaded assembly
- Completed reload, in  3.432 seconds
Domain Reload Profiling:
	ReloadAssembly (3434ms)
		BeginReloadAssembly (308ms)
			ExecutionOrderSort (0ms)
			DisableScriptedObjects (0ms)
			BackupInstance (0ms)
			ReleaseScriptingObjects (0ms)
			CreateAndSetChildDomain (3ms)
		EndReloadAssembly (2638ms)
			LoadAssemblies (299ms)
			RebuildTransferFunctionScriptingTraits (0ms)
			SetupTypeCache (759ms)
				TypeCache.Initialize (753ms)
					TypeCache.ScanAssembly (743ms)
				ResolveRequiredComponents (6ms)
			ReleaseScriptCaches (0ms)
			RebuildScriptCaches (120ms)
			SetupLoadedEditorAssemblies (1363ms)
				LogAssemblyErrors (0ms)
				InitializePlatformSupportModulesInManaged (354ms)
				SetLoadedEditorAssemblies (29ms)
				RefreshPlugins (330ms)
				BeforeProcessingInitializeOnLoad (6ms)
				ProcessInitializeOnLoadAttributes (448ms)
				ProcessInitializeOnLoadMethodAttributes (196ms)
				AfterProcessingInitializeOnLoad (0ms)
				EditorAssembliesLoaded (1ms)
			ExecutionOrderSort2 (0ms)
			AwakeInstancesAfterBackupRestoration (0ms)
Platform modules already initialized, skipping
Registering precompiled user dll's ...
Registered in 0.036821 seconds.
Begin MonoManager ReloadAssembly
Native extension for WindowsStandalone target not found
Native extension for iOS target not found
Native extension for Android target not found
Refreshing native plugins compatible for Editor in 296.12 ms, found 3 plugins.
Preloading 0 native plugins for Editor in 0.00 ms.
Package Manager log level set to [2]
[Package Manager] Server::EnsureServerProcessIsRunning -- launch failed, reason: Unity was launched with the -noUpm command-line argument
[Package Manager] UpmClient::Send -- Unable to send message (not connected to UPM process).
[Package Manager] Cannot connect to Unity Package Manager local server
Mono: successfully reloaded assembly
- Completed reload, in  6.024 seconds
Domain Reload Profiling:
	ReloadAssembly (6027ms)
		BeginReloadAssembly (617ms)
			ExecutionOrderSort (0ms)
			DisableScriptedObjects (34ms)
			BackupInstance (0ms)
			ReleaseScriptingObjects (0ms)
			CreateAndSetChildDomain (205ms)
		EndReloadAssembly (4907ms)
			LoadAssemblies (335ms)
			RebuildTransferFunctionScriptingTraits (0ms)
			SetupTypeCache (1351ms)
				TypeCache.Initialize (1337ms)
					TypeCache.ScanAssembly (1321ms)
				ResolveRequiredComponents (14ms)
			ReleaseScriptCaches (2ms)
			RebuildScriptCaches (223ms)
			SetupLoadedEditorAssemblies (2732ms)
				LogAssemblyErrors (0ms)
				InitializePlatformSupportModulesInManaged (107ms)
				SetLoadedEditorAssemblies (25ms)
				RefreshPlugins (296ms)
				BeforeProcessingInitializeOnLoad (407ms)
				ProcessInitializeOnLoadAttributes (1082ms)
				ProcessInitializeOnLoadMethodAttributes (780ms)
				AfterProcessingInitializeOnLoad (34ms)
				EditorAssembliesLoaded (1ms)
			ExecutionOrderSort2 (0ms)
			AwakeInstancesAfterBackupRestoration (20ms)
Platform modules already initialized, skipping
========================================================================
Worker process is ready to serve import requests
Launched and connected shader compiler UnityShaderCompiler.exe after 0.14 seconds
Refreshing native plugins compatible for Editor in 4.54 ms, found 3 plugins.
Preloading 0 native plugins for Editor in 0.00 ms.
Unloading 3084 Unused Serialized files (Serialized files now loaded: 0)
Unloading 62 unused Assets / (59.3 KB). Loaded Objects now: 3524.
Memory consumption went from 493.3 MB to 493.2 MB.
Total: 28.647500 ms (FindLiveObjects: 1.155100 ms CreateObjectMapping: 0.726100 ms MarkObjects: 26.403300 ms  DeleteObjects: 0.358100 ms)

AssetImportParameters requested are different than current active one (requested -> active):
  custom:video-decoder-ogg-theora: a1e56fd34408186e4bbccfd4996cb3dc -> 
  custom:container-muxer-webm: aa71ff27fc2769a1b78a27578f13a17b -> 
  custom:container-demuxer-webm: 4f35f7cbe854078d1ac9338744f61a02 -> 
  custom:video-encoder-webm-vp8: eb34c28f22e8b96e1ab97ce403110664 -> 
  custom:audio-encoder-webm-vorbis: bf7c407c2cedff20999df2af8eb42d56 -> 
  custom:framework-win-MediaFoundation: 216162199b28c13a410421893ffa2e32 -> 
  custom:container-demuxer-ogg: 62fdf1f143b41e24485cea50d1cbac27 -> 
  custom:video-decoder-webm-vp8: 9c59270c3fd7afecdb556c50c9e8de78 -> 
  custom:audio-decoder-ogg-vorbis: bf7c407c2cedff20999df2af8eb42d56 -> 
========================================================================
Received Import Request.
  Time since last request: 254125.853608 seconds.
  path: Assets
  artifactKey: Guid(00000000000000001000000000000000) Importer(815301076,1909f56bfc062723c751e8b465ee728b)
Start importing Assets using Guid(00000000000000001000000000000000) Importer(815301076,1909f56bfc062723c751e8b465ee728b)  -> (artifact id: '643dbe22ecb75e7bba7c4df53f6b1cbf') in 0.097474 seconds 
========================================================================
Received Import Request.
  Time since last request: 0.000062 seconds.
  path: Assets/Resources
  artifactKey: Guid(83f9ea295d4aa8741af19814d635c726) Importer(815301076,1909f56bfc062723c751e8b465ee728b)
Start importing Assets/Resources using Guid(83f9ea295d4aa8741af19814d635c726) Importer(815301076,1909f56bfc062723c751e8b465ee728b)  -> (artifact id: 'e1b0984a80104b30f4cb95d3c2251c61') in 0.034379 seconds 
========================================================================
Received Import Request.
  Time since last request: 163.662713 seconds.
  path: Assets/Resources/Main menu all rituals done.png
  artifactKey: Guid(460be297a116ee547b4e4fec3ed01cc1) Importer(815301076,1909f56bfc062723c751e8b465ee728b)
Start importing Assets/Resources/Main menu all rituals done.png using Guid(460be297a116ee547b4e4fec3ed01cc1) Importer(815301076,1909f56bfc062723c751e8b465ee728b)  -> (artifact id: '5bac93ecb8aebb571643444442960c01') in 1.064220 seconds 
========================================================================
Received Import Request.
  Time since last request: 682.745274 seconds.
  path: Assets/Scripts
  artifactKey: Guid(b880dba1072f1eb4f8004b0c0a466ee5) Importer(815301076,1909f56bfc062723c751e8b465ee728b)
Start importing Assets/Scripts using Guid(b880dba1072f1eb4f8004b0c0a466ee5) Importer(815301076,1909f56bfc062723c751e8b465ee728b)  -> (artifact id: '6ec3f8451fa53a9a3e7e2c00e08501a8') in 0.036075 seconds 
========================================================================
Received Import Request.
  Time since last request: 15.166474 seconds.
  path: Assets/Scripts/Settings.cs
  artifactKey: Guid(42cf52f160f9d494993301cf57f01262) Importer(815301076,1909f56bfc062723c751e8b465ee728b)
Start importing Assets/Scripts/Settings.cs using Guid(42cf52f160f9d494993301cf57f01262) Importer(815301076,1909f56bfc062723c751e8b465ee728b)  -> (artifact id: 'f0671d5881a7b8a6f4fedcafc9f13e37') in 0.434378 seconds 
========================================================================
Received Prepare
Registering precompiled user dll's ...
Registered in 0.184799 seconds.
Begin MonoManager ReloadAssembly
Native extension for WindowsStandalone target not found
Native extension for iOS target not found
Native extension for Android target not found
Refreshing native plugins compatible for Editor in 2.94 ms, found 3 plugins.
Preloading 0 native plugins for Editor in 0.00 ms.
[Package Manager] Server::EnsureServerProcessIsRunning -- launch failed, reason: Unity was launched with the -noUpm command-line argument
[Package Manager] UpmClient::Send -- Unable to send message (not connected to UPM process).
[Package Manager] Cannot connect to Unity Package Manager local server
Mono: successfully reloaded assembly
- Completed reload, in  4.784 seconds
Domain Reload Profiling:
	ReloadAssembly (4786ms)
		BeginReloadAssembly (553ms)
			ExecutionOrderSort (0ms)
			DisableScriptedObjects (24ms)
			BackupInstance (0ms)
			ReleaseScriptingObjects (0ms)
			CreateAndSetChildDomain (149ms)
		EndReloadAssembly (3745ms)
			LoadAssemblies (384ms)
			RebuildTransferFunctionScriptingTraits (0ms)
			SetupTypeCache (1008ms)
				TypeCache.Initialize (995ms)
					TypeCache.ScanAssembly (980ms)
				ResolveRequiredComponents (13ms)
			ReleaseScriptCaches (5ms)
			RebuildScriptCaches (217ms)
			SetupLoadedEditorAssemblies (1935ms)
				LogAssemblyErrors (0ms)
				InitializePlatformSupportModulesInManaged (127ms)
				SetLoadedEditorAssemblies (25ms)
				RefreshPlugins (3ms)
				BeforeProcessingInitializeOnLoad (349ms)
				ProcessInitializeOnLoadAttributes (796ms)
				ProcessInitializeOnLoadMethodAttributes (600ms)
				AfterProcessingInitializeOnLoad (34ms)
				EditorAssembliesLoaded (1ms)
			ExecutionOrderSort2 (0ms)
			AwakeInstancesAfterBackupRestoration (31ms)
Platform modules already initialized, skipping
Refreshing native plugins compatible for Editor in 17.67 ms, found 3 plugins.
Preloading 0 native plugins for Editor in 0.00 ms.
Unloading 3088 Unused Serialized files (Serialized files now loaded: 0)
Unloading 62 unused Assets / (0.7 MB). Loaded Objects now: 3535.
Memory consumption went from 501.8 MB to 501.0 MB.
Total: 25.073800 ms (FindLiveObjects: 0.990900 ms CreateObjectMapping: 0.574800 ms MarkObjects: 22.445700 ms  DeleteObjects: 1.058600 ms)

AssetImportParameters requested are different than current active one (requested -> active):
  custom:video-decoder-ogg-theora: a1e56fd34408186e4bbccfd4996cb3dc -> 
  custom:container-muxer-webm: aa71ff27fc2769a1b78a27578f13a17b -> 
  custom:container-demuxer-webm: 4f35f7cbe854078d1ac9338744f61a02 -> 
  custom:video-encoder-webm-vp8: eb34c28f22e8b96e1ab97ce403110664 -> 
  custom:audio-encoder-webm-vorbis: bf7c407c2cedff20999df2af8eb42d56 -> 
  custom:framework-win-MediaFoundation: 216162199b28c13a410421893ffa2e32 -> 
  custom:container-demuxer-ogg: 62fdf1f143b41e24485cea50d1cbac27 -> 
  custom:video-decoder-webm-vp8: 9c59270c3fd7afecdb556c50c9e8de78 -> 
  custom:audio-decoder-ogg-vorbis: bf7c407c2cedff20999df2af8eb42d56 -> 
========================================================================
Received Import Request.
  Time since last request: 686.921144 seconds.
  path: Assets/Resources/White box.png
  artifactKey: Guid(5408efb1215926d45b9d87dd88e66155) Importer(815301076,1909f56bfc062723c751e8b465ee728b)
Start importing Assets/Resources/White box.png using Guid(5408efb1215926d45b9d87dd88e66155) Importer(815301076,1909f56bfc062723c751e8b465ee728b)  -> (artifact id: '749d2c7f4878f47a53b2f5e88d0eac72') in 0.429801 seconds 
========================================================================
Received Prepare
Registering precompiled user dll's ...
Registered in 0.030668 seconds.
Begin MonoManager ReloadAssembly
Native extension for WindowsStandalone target not found
Native extension for iOS target not found
Native extension for Android target not found
Refreshing native plugins compatible for Editor in 2.90 ms, found 3 plugins.
Preloading 0 native plugins for Editor in 0.00 ms.
[Package Manager] Server::EnsureServerProcessIsRunning -- launch failed, reason: Unity was launched with the -noUpm command-line argument
[Package Manager] UpmClient::Send -- Unable to send message (not connected to UPM process).
[Package Manager] Cannot connect to Unity Package Manager local server
Mono: successfully reloaded assembly
- Completed reload, in  4.569 seconds
Domain Reload Profiling:
	ReloadAssembly (4573ms)
		BeginReloadAssembly (489ms)
			ExecutionOrderSort (0ms)
			DisableScriptedObjects (25ms)
			BackupInstance (0ms)
			ReleaseScriptingObjects (0ms)
			CreateAndSetChildDomain (135ms)
		EndReloadAssembly (3654ms)
			LoadAssemblies (343ms)
			RebuildTransferFunctionScriptingTraits (0ms)
			SetupTypeCache (982ms)
				TypeCache.Initialize (969ms)
					TypeCache.ScanAssembly (954ms)
				ResolveRequiredComponents (13ms)
			ReleaseScriptCaches (4ms)
			RebuildScriptCaches (212ms)
			SetupLoadedEditorAssemblies (1889ms)
				LogAssemblyErrors (0ms)
				InitializePlatformSupportModulesInManaged (130ms)
				SetLoadedEditorAssemblies (22ms)
				RefreshPlugins (3ms)
				BeforeProcessingInitializeOnLoad (345ms)
				ProcessInitializeOnLoadAttributes (782ms)
				ProcessInitializeOnLoadMethodAttributes (572ms)
				AfterProcessingInitializeOnLoad (35ms)
				EditorAssembliesLoaded (1ms)
			ExecutionOrderSort2 (0ms)
			AwakeInstancesAfterBackupRestoration (31ms)
Platform modules already initialized, skipping
Refreshing native plugins compatible for Editor in 19.07 ms, found 3 plugins.
Preloading 0 native plugins for Editor in 0.00 ms.
Unloading 3088 Unused Serialized files (Serialized files now loaded: 0)
Unloading 62 unused Assets / (0.7 MB). Loaded Objects now: 3540.
Memory consumption went from 501.8 MB to 501.0 MB.
Total: 22.523300 ms (FindLiveObjects: 0.928600 ms CreateObjectMapping: 0.350200 ms MarkObjects: 20.135900 ms  DeleteObjects: 1.104400 ms)

AssetImportParameters requested are different than current active one (requested -> active):
  custom:video-decoder-ogg-theora: a1e56fd34408186e4bbccfd4996cb3dc -> 
  custom:container-muxer-webm: aa71ff27fc2769a1b78a27578f13a17b -> 
  custom:container-demuxer-webm: 4f35f7cbe854078d1ac9338744f61a02 -> 
  custom:video-encoder-webm-vp8: eb34c28f22e8b96e1ab97ce403110664 -> 
  custom:audio-encoder-webm-vorbis: bf7c407c2cedff20999df2af8eb42d56 -> 
  custom:framework-win-MediaFoundation: 216162199b28c13a410421893ffa2e32 -> 
  custom:container-demuxer-ogg: 62fdf1f143b41e24485cea50d1cbac27 -> 
  custom:video-decoder-webm-vp8: 9c59270c3fd7afecdb556c50c9e8de78 -> 
  custom:audio-decoder-ogg-vorbis: bf7c407c2cedff20999df2af8eb42d56 -> 
========================================================================
Received Import Request.
  Time since last request: 348.895517 seconds.
  path: Assets/TextMesh Pro/Resources/Fonts & Materials/LiberationSans SDF.asset
  artifactKey: Guid(8f586378b4e144a9851e7b34d9b748ee) Importer(815301076,1909f56bfc062723c751e8b465ee728b)
Start importing Assets/TextMesh Pro/Resources/Fonts & Materials/LiberationSans SDF.asset using Guid(8f586378b4e144a9851e7b34d9b748ee) Importer(815301076,1909f56bfc062723c751e8b465ee728b)  -> (artifact id: 'bcfff8688ab8bc36e5758662ed136dbd') in 1.223924 seconds 
========================================================================
Received Import Request.
  Time since last request: 0.000079 seconds.
  path: Assets/TextMesh Pro/Resources/Fonts & Materials/LiberationSans SDF - Fallback.asset
  artifactKey: Guid(2e498d1c8094910479dc3e1b768306a4) Importer(815301076,1909f56bfc062723c751e8b465ee728b)
Start importing Assets/TextMesh Pro/Resources/Fonts & Materials/LiberationSans SDF - Fallback.asset using Guid(2e498d1c8094910479dc3e1b768306a4) Importer(815301076,1909f56bfc062723c751e8b465ee728b)  -> (artifact id: 'ae59cf9868c182f22d792bc6ef2d9454') in 0.138743 seconds 
========================================================================
Received Import Request.
  Time since last request: 818.654600 seconds.
  path: Assets/Prefab
  artifactKey: Guid(4ace928da2530b14abf7d881dad054f3) Importer(815301076,1909f56bfc062723c751e8b465ee728b)
Start importing Assets/Prefab using Guid(4ace928da2530b14abf7d881dad054f3) Importer(815301076,1909f56bfc062723c751e8b465ee728b)  -> (artifact id: 'e89202f65dfbc83ceeb729be7f022c29') in 0.037321 seconds 
========================================================================
Received Import Request.
  Time since last request: 9.724134 seconds.
  path: Assets/Prefab/Borders object.prefab
  artifactKey: Guid(81f075d6c6a87f94793098d6f4df0ada) Importer(815301076,1909f56bfc062723c751e8b465ee728b)
Start importing Assets/Prefab/Borders object.prefab using Guid(81f075d6c6a87f94793098d6f4df0ada) Importer(815301076,1909f56bfc062723c751e8b465ee728b)  -> (artifact id: 'a6f92f7636766961353e99979ba21de0') in 0.096457 seconds 
========================================================================
Received Import Request.
  Time since last request: 3719.490489 seconds.
  path: Assets/Scripts/Settings.cs
  artifactKey: Guid(42cf52f160f9d494993301cf57f01262) Importer(815301076,1909f56bfc062723c751e8b465ee728b)
Start importing Assets/Scripts/Settings.cs using Guid(42cf52f160f9d494993301cf57f01262) Importer(815301076,1909f56bfc062723c751e8b465ee728b)  -> (artifact id: '39bbb7b665600bf9f6bb67b0e302ce00') in 0.023408 seconds 
